<?xml version="1.0" encoding="UTF-8"?>
<!-- Generated by org.testng.reporters.JUnitXMLReporter -->
<testsuite hostname="Kalyani" ignored="0" name="Default test" tests="19" failures="0" timestamp="27 May 2021 01:45:59 GMT" time="4.775" errors="0">
  <testcase name="verifyUrl" time="0.022" classname="com.testcases.DownloadTest"/>
  <testcase name="verifyTitle" time="0.014" classname="com.testcases.DownloadTest"/>
  <testcase name="verifyHeading" time="0.066" classname="com.testcases.DownloadTest"/>
  <testcase name="verifySubHeading" time="0.055" classname="com.testcases.DownloadTest"/>
  <testcase name="verifyFooter" time="0.046" classname="com.testcases.DownloadTest"/>
  <testcase name="headingOfTable" time="0.979" classname="com.testcases.DownloadTest"/>
  <testcase name="checkNavigation" time="0.154" classname="com.testcases.DownloadTest"/>
  <testcase name="checkRightCornerHeading" time="0.055" classname="com.testcases.DownloadTest"/>
  <testcase name="checkLeftCornerHeading" time="0.044" classname="com.testcases.DownloadTest"/>
  <testcase name="verifyUserStatus" time="0.047" classname="com.testcases.DownloadTest"/>
  <testcase name="checkImage" time="0.094" classname="com.testcases.DownloadTest"/>
  <testcase name="leftCornerHeading" time="0.046" classname="com.testcases.DownloadTest"/>
  <testcase name="verifyNmsFor32bitBtn" time="0.37" classname="com.testcases.DownloadTest"/>
  <testcase name="verifyNmsFor64bitBtn" time="0.325" classname="com.testcases.DownloadTest"/>
  <testcase name="verifyNmsForCommanBtnAndOtherBtn" time="0.358" classname="com.testcases.DownloadTest"/>
  <testcase name="verifyNmsForCommanColumnBlankEntry" time="0.257" classname="com.testcases.DownloadTest"/>
  <testcase name="verifyVendorForVersion76" time="0.253" classname="com.testcases.DownloadTest"/>
  <testcase name="verifyVendorForOfficialWebsiteColumn" time="0.441" classname="com.testcases.DownloadTest"/>
  <testcase name="verifyComplete_DownloadsTable" time="1.083" classname="com.testcases.DownloadTest"/>
</testsuite> <!-- Default test -->
