<?xml version="1.0" encoding="UTF-8"?>
<!-- Generated by org.testng.reporters.JUnitXMLReporter -->
<testsuite hostname="Kalyani" ignored="0" name="Test" tests="137" failures="0" timestamp="27 May 2021 01:48:54 GMT" time="48.68" errors="0">
  <testcase name="checkUrl" time="0.154" classname="com.testcases.LoginTest"/>
  <testcase name="verifyUrl" time="0.007" classname="com.testcases.RegisterTest"/>
  <testcase name="checkUrl" time="0.008" classname="com.testcases.DashboardTest"/>
  <testcase name="verifyUrl" time="0.006" classname="com.testcases.UserTest"/>
  <testcase name="verifyUrl" time="0.006" classname="com.testcases.UseFulLinkTest"/>
  <testcase name="verifyUrl" time="0.007" classname="com.testcases.OperatorTest"/>
  <testcase name="verifyUrl" time="0.008" classname="com.testcases.DownloadTest"/>
  <testcase name="checkLogo" time="0.055" classname="com.testcases.LoginTest"/>
  <testcase name="verifyTitle" time="0.007" classname="com.testcases.RegisterTest"/>
  <testcase name="checkTitle" time="0.008" classname="com.testcases.DashboardTest"/>
  <testcase name="verifyTitle" time="0.006" classname="com.testcases.UserTest"/>
  <testcase name="verifyTitle" time="0.006" classname="com.testcases.UseFulLinkTest"/>
  <testcase name="verifyTitle" time="0.005" classname="com.testcases.OperatorTest"/>
  <testcase name="verifyTitle" time="0.006" classname="com.testcases.DownloadTest"/>
  <testcase name="verifyTitle" time="0.007" classname="com.testcases.LoginTest"/>
  <testcase name="verifyHeading" time="0.025" classname="com.testcases.RegisterTest"/>
  <testcase name="checkImage" time="0.034" classname="com.testcases.DashboardTest"/>
  <testcase name="checkToolTipMsg" time="0.085" classname="com.testcases.UserTest"/>
  <testcase name="verifyHeading" time="0.027" classname="com.testcases.UseFulLinkTest"/>
  <testcase name="verifyHeading" time="0.025" classname="com.testcases.OperatorTest"/>
  <testcase name="checkHeadingJavabykiran" time="0.024" classname="com.testcases.LoginTest"/>
  <testcase name="registerNewMember" time="0.451" classname="com.testcases.RegisterTest"/>
  <testcase name="verifyAlreadyMemberText" time="0.048" classname="com.testcases.RegisterTest"/>
  <testcase name="checkHeading" time="0.032" classname="com.testcases.DashboardTest"/>
  <testcase name="verifyHeading" time="0.027" classname="com.testcases.UserTest"/>
  <testcase name="verifySubHeading" time="0.029" classname="com.testcases.UseFulLinkTest"/>
  <testcase name="verifySubHeading" time="0.025" classname="com.testcases.OperatorTest"/>
  <testcase name="verifyHeading" time="0.028" classname="com.testcases.DownloadTest"/>
  <testcase name="verifyCoursesHeading" time="0.028" classname="com.testcases.LoginTest"/>
  <testcase name="blankFillingFormErrorMsg" time="0.501" classname="com.testcases.RegisterTest"/>
  <testcase name="verifyAllPlaceholderText" time="0.112" classname="com.testcases.RegisterTest"/>
  <testcase name="checkSubHeading" time="0.027" classname="com.testcases.DashboardTest"/>
  <testcase name="verifySubHeading" time="0.028" classname="com.testcases.UserTest"/>
  <testcase name="verifyFooter" time="0.029" classname="com.testcases.UseFulLinkTest"/>
  <testcase name="verifyFooter" time="0.027" classname="com.testcases.OperatorTest"/>
  <testcase name="verifySubHeading" time="0.026" classname="com.testcases.DownloadTest"/>
  <testcase name="verifySignInHeading" time="0.025" classname="com.testcases.LoginTest"/>
  <testcase name="InvalidDataFillingErrorMsgs" time="0.518" classname="com.testcases.RegisterTest"/>
  <testcase name="checkCourses" time="0.07" classname="com.testcases.DashboardTest"/>
  <testcase name="verifyFooter" time="0.028" classname="com.testcases.UserTest"/>
  <testcase name="checkNavigation" time="0.087" classname="com.testcases.UseFulLinkTest"/>
  <testcase name="headingOfTable" time="0.699" classname="com.testcases.OperatorTest"/>
  <testcase name="verifyFooter" time="0.028" classname="com.testcases.DownloadTest"/>
  <testcase name="checkPlaceholderList" time="0.055" classname="com.testcases.LoginTest"/>
  <testcase name="clickAlreadyRegisterLink" time="0.154" classname="com.testcases.RegisterTest"/>
  <testcase name="checkSubcourse" time="0.062" classname="com.testcases.DashboardTest"/>
  <testcase name="headingOfTable" time="0.204" classname="com.testcases.UserTest"/>
  <testcase name="checkRightCornerHeading" time="0.039" classname="com.testcases.UseFulLinkTest"/>
  <testcase name="operatorTableData" time="0.746" classname="com.testcases.OperatorTest"/>
  <testcase name="headingOfTable" time="0.239" classname="com.testcases.DownloadTest"/>
  <testcase name="checkLoginSuccessfullyDone" time="1.164" classname="com.testcases.LoginTest"/>
  <testcase name="checkSeqHomeDash" time="0.032" classname="com.testcases.DashboardTest"/>
  <testcase name="readUserTableData" time="0.519" classname="com.testcases.UserTest"/>
  <testcase name="checkNavigation" time="0.127" classname="com.testcases.OperatorTest"/>
  <testcase name="checkNavigation" time="0.117" classname="com.testcases.DownloadTest"/>
  <testcase name="verifyLoginTitleWithMultipledata" time="1.289" classname="com.testcases.LoginTest"/>
  <testcase name="checkLeftCornerHeading" time="0.044" classname="com.testcases.DashboardTest"/>
  <testcase name="verifyComplete_UsersTable" time="0.499" classname="com.testcases.UserTest"/>
  <testcase name="checkRightCornerHeading" time="0.045" classname="com.testcases.OperatorTest"/>
  <testcase name="checkRightCornerHeading" time="0.043" classname="com.testcases.DownloadTest"/>
  <testcase name="verifyBlankEmailPasswordErrorMsg" time="0.237" classname="com.testcases.LoginTest"/>
  <testcase name="verifyUserStatus" time="0.055" classname="com.testcases.DashboardTest"/>
  <testcase name="checkNavigation" time="0.149" classname="com.testcases.UserTest"/>
  <testcase name="checkLeftCornerHeading" time="0.043" classname="com.testcases.UseFulLinkTest"/>
  <testcase name="checkLeftCornerHeading" time="0.043" classname="com.testcases.OperatorTest"/>
  <testcase name="checkLeftCornerHeading" time="0.043" classname="com.testcases.DownloadTest"/>
  <testcase name="verifyInvalidLoginEntryErrorMessage" time="0.271" classname="com.testcases.LoginTest"/>
  <testcase name="verifyFooterStatement" time="0.045" classname="com.testcases.DashboardTest"/>
  <testcase name="checkRightCornerHeading" time="0.045" classname="com.testcases.UserTest"/>
  <testcase name="verifyUserStatus" time="0.03" classname="com.testcases.UseFulLinkTest"/>
  <testcase name="verifyUserStatus" time="0.037" classname="com.testcases.OperatorTest"/>
  <testcase name="verifyUserStatus" time="0.027" classname="com.testcases.DownloadTest"/>
  <testcase name="checkRegistrationTitle" time="0.149" classname="com.testcases.LoginTest"/>
  <testcase name="verifyNavigationMenuText" time="0.093" classname="com.testcases.DashboardTest"/>
  <testcase name="checkLeftCornerHeading" time="0.023" classname="com.testcases.UserTest"/>
  <testcase name="checkImage" time="0.035" classname="com.testcases.UseFulLinkTest"/>
  <testcase name="checkImage" time="0.03" classname="com.testcases.OperatorTest"/>
  <testcase name="checkImage" time="0.055" classname="com.testcases.DownloadTest"/>
  <testcase name="verifyCoursesMoreinfo" time="0.145" classname="com.testcases.DashboardTest"/>
  <testcase name="checkLeftCornerMainHeading" time="0.05" classname="com.testcases.UserTest"/>
  <testcase name="leftCornerHeading" time="0.034" classname="com.testcases.UseFulLinkTest"/>
  <testcase name="check_all_teacher_names_not_present_on_sunday" time="0.132" classname="com.testcases.OperatorTest"/>
  <testcase name="leftCornerHeading" time="0.058" classname="com.testcases.DownloadTest"/>
  <testcase name="clickUsersAndVerifyTitle" time="0.505" classname="com.testcases.DashboardTest"/>
  <testcase name="verifyUserStatus" time="0.042" classname="com.testcases.UserTest"/>
  <testcase name="checkHeadersOfTable" time="0.18" classname="com.testcases.UseFulLinkTest"/>
  <testcase name="check_all_teacher_names_on_monday" time="0.216" classname="com.testcases.OperatorTest"/>
  <testcase name="verifyNmsFor32bitBtn" time="0.343" classname="com.testcases.DownloadTest"/>
  <testcase name="clickUsefulLinkAndVerifyTitle" time="0.542" classname="com.testcases.DashboardTest"/>
  <testcase name="checkImage" time="0.063" classname="com.testcases.UserTest"/>
  <testcase name="verifyDataPresentInTable" time="0.494" classname="com.testcases.UseFulLinkTest"/>
  <testcase name="check_all_teacher_names_on_monday_and_saturday" time="0.109" classname="com.testcases.OperatorTest"/>
  <testcase name="verifyNmsFor64bitBtn" time="0.321" classname="com.testcases.DownloadTest"/>
  <testcase name="clickOperatorsAndVerifyTitle" time="0.495" classname="com.testcases.DashboardTest"/>
  <testcase name="verifyPersonNamesFromMaharashtra" time="0.15" classname="com.testcases.UserTest"/>
  <testcase name="verifyClickGO" time="11.556" classname="com.testcases.UseFulLinkTest"/>
  <testcase name="check_all_teacher_names_on_sunday" time="0.169" classname="com.testcases.OperatorTest"/>
  <testcase name="verifyNmsForCommanBtnAndOtherBtn" time="0.371" classname="com.testcases.DownloadTest"/>
  <testcase name="verifyPersonNamesFromPunjab" time="0.13" classname="com.testcases.UserTest"/>
  <testcase name="verifyClickGoExcel" time="8.464" classname="com.testcases.UseFulLinkTest"/>
  <testcase name="verifyTeacherNameHavingMobnoStart88" time="0.172" classname="com.testcases.OperatorTest"/>
  <testcase name="verifyNmsForCommanColumnBlankEntry" time="0.247" classname="com.testcases.DownloadTest"/>
  <testcase name="clickDownloadsAndVerifyTitle" time="0.476" classname="com.testcases.DashboardTest"/>
  <testcase name="properIncrementationOfSrno" time="0.048" classname="com.testcases.UserTest"/>
  <testcase name="verifyComplete_UsefulLinksTable" time="0.351" classname="com.testcases.UseFulLinkTest"/>
  <testcase name="teacherNmForUrgentTechnicalHelp" time="0.096" classname="com.testcases.OperatorTest"/>
  <testcase name="verifyVendorForVersion76" time="0.237" classname="com.testcases.DownloadTest"/>
  <testcase name="windowHandle" time="1.027" classname="com.testcases.DashboardTest"/>
  <testcase name="VerifyEmails" time="0.047" classname="com.testcases.UserTest"/>
  <testcase name="verifyContentForClickGo" time="0.245" classname="com.testcases.UseFulLinkTest"/>
  <testcase name="SortedNames" time="0.08" classname="com.testcases.OperatorTest"/>
  <testcase name="verifyVendorForOfficialWebsiteColumn" time="0.423" classname="com.testcases.DownloadTest"/>
  <testcase name="verifyJBK_Link" time="5.341" classname="com.testcases.DashboardTest"/>
  <testcase name="facultyHavingWhatsAppAndPhonecall" time="0.146" classname="com.testcases.OperatorTest"/>
  <testcase name="verifyTeacherNameForJava" time="0.088" classname="com.testcases.UserTest"/>
  <testcase name="verifyComplete_DownloadsTable" time="1.048" classname="com.testcases.DownloadTest"/>
  <testcase name="facultyAvailableOnPhoneCall" time="0.15" classname="com.testcases.OperatorTest"/>
  <testcase name="verifyTeacherNameForSelenium" time="0.078" classname="com.testcases.UserTest"/>
  <testcase name="verifyCourseHeading" time="0.153" classname="com.testcases.DashboardTest"/>
  <testcase name="facultyAvailableOnWhatsApp" time="0.225" classname="com.testcases.OperatorTest"/>
  <testcase name="verifyTeacherNameForPython" time="0.09" classname="com.testcases.UserTest"/>
  <testcase name="verifyCourseSubHeading" time="0.118" classname="com.testcases.DashboardTest"/>
  <testcase name="verifycontactNoLength" time="0.189" classname="com.testcases.OperatorTest"/>
  <testcase name="verifyTeacherNameForPHP" time="0.071" classname="com.testcases.UserTest"/>
  <testcase name="verifyTitleOnLogout" time="0.246" classname="com.testcases.DashboardTest"/>
  <testcase name="verifyPrefferedWayToConnect_WhatsApp_ButNot_PhoneCall" time="0.165" classname="com.testcases.OperatorTest"/>
  <testcase name="verifyNamesOfMaleTeacher" time="0.133" classname="com.testcases.UserTest"/>
  <testcase name="verifyNamesOfFemaleTeacher" time="0.091" classname="com.testcases.UserTest"/>
  <testcase name="verifyComplete_OperatorsTable" time="0.488" classname="com.testcases.OperatorTest"/>
  <testcase name="verifyMobileNoOfNineDigit" time="0.13" classname="com.testcases.UserTest"/>
  <testcase name="verifyMobileNoOfTenDigit" time="0.118" classname="com.testcases.UserTest"/>
  <testcase name="verifyActionText" time="0.085" classname="com.testcases.UserTest"/>
  <testcase name="sortingNames" time="0.061" classname="com.testcases.UserTest"/>
  <testcase name="alertMsgForDeleteBtn1and3" time="0.234" classname="com.testcases.UserTest"/>
  <testcase name="alertMsgForDeleteBtn2and4AfterDismissingAlert" time="0.201" classname="com.testcases.UserTest"/>
  <testcase name="secondAlertMsgForDltBtn2And4" time="0.17" classname="com.testcases.UserTest"/>
  <testcase name="verifyAddUserTitle" time="0.309" classname="com.testcases.UserTest"/>
</testsuite> <!-- Test -->
