<?xml version="1.0" encoding="UTF-8"?>
<testng-results skipped="0" failed="0" ignored="33" total="34" passed="1">
  <reporter-output>
  </reporter-output>
  <suite name="Default suite" duration-ms="117" started-at="2021-06-18T04:25:01Z" finished-at="2021-06-18T04:25:01Z">
    <groups>
    </groups>
    <test name="Default test" duration-ms="117" started-at="2021-06-18T04:25:01Z" finished-at="2021-06-18T04:25:01Z">
      <class name="com.testcases.UserTest">
        <test-method status="PASS" signature="setup()[pri:0, instance:com.testcases.UserTest@31ef45e3]" name="setup" is-config="true" duration-ms="5557" started-at="2021-06-18T09:54:56Z" finished-at="2021-06-18T09:55:01Z">
          <reporter-output>
          </reporter-output>
        </test-method> <!-- setup -->
        <test-method status="PASS" signature="descSortOfNames()[pri:34, instance:com.testcases.UserTest@31ef45e3]" name="descSortOfNames" duration-ms="92" started-at="2021-06-18T09:55:01Z" finished-at="2021-06-18T09:55:01Z">
          <reporter-output>
          </reporter-output>
        </test-method> <!-- descSortOfNames -->
        <test-method status="PASS" signature="tearDown()[pri:0, instance:com.testcases.UserTest@31ef45e3]" name="tearDown" is-config="true" duration-ms="721" started-at="2021-06-18T09:55:01Z" finished-at="2021-06-18T09:55:02Z">
          <reporter-output>
          </reporter-output>
        </test-method> <!-- tearDown -->
      </class> <!-- com.testcases.UserTest -->
    </test> <!-- Default test -->
  </suite> <!-- Default suite -->
</testng-results>
